[2025-11-30 23:02:32] [INFO ] TextServiceImpl - TextService initialized. Parser chain configured.
[2025-11-30 23:02:32] [INFO ] TextReaderImpl - File read successfully. Length: 715 chars
[2025-11-30 23:02:32] [INFO ] TextServiceImpl - File read successfully.
[2025-11-30 23:02:32] [INFO ] TextServiceImpl - Text parsed into composite structure.
[2025-11-30 23:02:32] [INFO ] TextServiceImpl - Text restored successfully.
[2025-11-30 23:02:32] [INFO ] TextServiceImpl - TextService initialized. Parser chain configured.
[2025-11-30 23:02:32] [INFO ] TextReaderImpl - File read successfully. Length: 715 chars
[2025-11-30 23:02:32] [INFO ] TextServiceImpl - File read successfully.
[2025-11-30 23:02:32] [INFO ] TextServiceImpl - Text parsed into composite structure.
[2025-11-30 23:09:19] [INFO ] TextServiceImpl - TextService initialized. Parser chain configured.
[2025-11-30 23:09:19] [INFO ] TextReaderImpl - File read successfully. Length: 715 chars
[2025-11-30 23:09:19] [INFO ] TextServiceImpl - File read successfully.
[2025-11-30 23:09:19] [INFO ] TextServiceImpl - Text parsed into composite structure.
[2025-11-30 23:09:19] [INFO ] TextServiceImpl - Text restored successfully.
[2025-11-30 23:09:19] [INFO ] TextServiceImpl - TextService initialized. Parser chain configured.
[2025-11-30 23:09:19] [INFO ] TextReaderImpl - File read successfully. Length: 715 chars
[2025-11-30 23:09:19] [INFO ] TextServiceImpl - File read successfully.
[2025-11-30 23:09:19] [INFO ] TextServiceImpl - Text parsed into composite structure.
[2025-11-30 23:12:29] [INFO ] TextServiceImpl - TextService initialized. Parser chain configured.
[2025-11-30 23:12:29] [INFO ] TextReaderImpl - File read successfully. Length: 715 chars
[2025-11-30 23:12:29] [INFO ] TextServiceImpl - File read successfully.
[2025-11-30 23:12:29] [INFO ] TextServiceImpl - Text parsed into composite structure.
[2025-11-30 23:12:29] [INFO ] TextServiceImpl - Text restored successfully.
[2025-11-30 23:12:29] [INFO ] TextServiceImpl - TextService initialized. Parser chain configured.
[2025-11-30 23:12:29] [INFO ] TextReaderImpl - File read successfully. Length: 715 chars
[2025-11-30 23:12:29] [INFO ] TextServiceImpl - File read successfully.
[2025-11-30 23:12:29] [INFO ] TextServiceImpl - Text parsed into composite structure.
[2025-11-30 23:15:58] [INFO ] TextServiceImpl - TextService initialized. Parser chain configured.
[2025-11-30 23:15:58] [INFO ] TextReaderImpl - File read successfully. Length: 715 chars
[2025-11-30 23:15:58] [INFO ] TextServiceImpl - File read successfully.
[2025-11-30 23:15:58] [INFO ] TextServiceImpl - Text parsed into composite structure.
[2025-11-30 23:15:58] [INFO ] TextServiceImpl - Text restored successfully.
[2025-11-30 23:15:58] [INFO ] TextServiceImpl - TextService initialized. Parser chain configured.
[2025-11-30 23:15:58] [INFO ] TextReaderImpl - File read successfully. Length: 715 chars
[2025-11-30 23:15:58] [INFO ] TextServiceImpl - File read successfully.
[2025-11-30 23:15:58] [INFO ] TextServiceImpl - Text parsed into composite structure.
[2025-11-30 23:19:50] [INFO ] TextServiceImpl - TextService initialized. Parser chain configured.
[2025-11-30 23:19:50] [INFO ] TextReaderImpl - File read successfully. Length: 715 chars
[2025-11-30 23:19:50] [INFO ] TextServiceImpl - File read successfully.
[2025-11-30 23:19:50] [INFO ] TextServiceImpl - Text parsed into composite structure.
[2025-11-30 23:19:50] [INFO ] TextServiceImpl - Text restored successfully.
[2025-11-30 23:19:50] [INFO ] TextServiceImpl - TextService initialized. Parser chain configured.
[2025-11-30 23:19:50] [INFO ] TextReaderImpl - File read successfully. Length: 715 chars
[2025-11-30 23:19:50] [INFO ] TextServiceImpl - File read successfully.
[2025-11-30 23:19:50] [INFO ] TextServiceImpl - Text parsed into composite structure.
[2025-11-30 23:23:44] [INFO ] TextServiceImpl - TextService initialized. Parser chain configured.
[2025-11-30 23:23:44] [INFO ] TextReaderImpl - File read successfully. Length: 715 chars
[2025-11-30 23:23:44] [INFO ] TextServiceImpl - File read successfully.
[2025-11-30 23:23:44] [INFO ] TextServiceImpl - Text parsed into composite structure.
[2025-11-30 23:23:44] [INFO ] TextServiceImpl - Text restored successfully.
[2025-11-30 23:23:44] [INFO ] TextServiceImpl - TextService initialized. Parser chain configured.
[2025-11-30 23:23:44] [INFO ] TextReaderImpl - File read successfully. Length: 715 chars
[2025-11-30 23:23:44] [INFO ] TextServiceImpl - File read successfully.
[2025-11-30 23:23:44] [INFO ] TextServiceImpl - Text parsed into composite structure.
[2025-11-30 23:27:27] [INFO ] TextServiceImpl - TextService initialized. Parser chain configured.
[2025-11-30 23:27:27] [INFO ] TextReaderImpl - File read successfully. Length: 715 chars
[2025-11-30 23:27:27] [INFO ] TextServiceImpl - File read successfully.
[2025-11-30 23:27:27] [INFO ] TextServiceImpl - Text parsed into composite structure.
[2025-11-30 23:27:27] [INFO ] TextServiceImpl - Text restored successfully.
[2025-11-30 23:27:27] [INFO ] TextServiceImpl - TextService initialized. Parser chain configured.
[2025-11-30 23:27:27] [INFO ] TextReaderImpl - File read successfully. Length: 715 chars
[2025-11-30 23:27:27] [INFO ] TextServiceImpl - File read successfully.
[2025-11-30 23:27:27] [INFO ] TextServiceImpl - Text parsed into composite structure.
[2025-11-30 23:29:34] [INFO ] TextServiceImpl - TextService initialized. Parser chain configured.
[2025-11-30 23:29:34] [INFO ] TextReaderImpl - File read successfully. Length: 715 chars
[2025-11-30 23:29:34] [INFO ] TextServiceImpl - File read successfully.
[2025-11-30 23:29:34] [INFO ] TextServiceImpl - Text parsed into composite structure.
[2025-11-30 23:29:34] [INFO ] TextServiceImpl - Text restored successfully.
[2025-11-30 23:29:34] [INFO ] TextServiceImpl - TextService initialized. Parser chain configured.
[2025-11-30 23:29:34] [INFO ] TextReaderImpl - File read successfully. Length: 715 chars
[2025-11-30 23:29:34] [INFO ] TextServiceImpl - File read successfully.
[2025-11-30 23:29:34] [INFO ] TextServiceImpl - Text parsed into composite structure.
[2025-11-30 23:32:58] [INFO ] TextServiceImpl - TextService initialized. Parser chain configured.
[2025-11-30 23:32:58] [INFO ] TextReaderImpl - File read successfully. Length: 715 chars
[2025-11-30 23:32:58] [INFO ] TextServiceImpl - File read successfully.
[2025-11-30 23:32:58] [INFO ] TextServiceImpl - Text parsed into composite structure.
[2025-11-30 23:32:58] [INFO ] TextServiceImpl - Text restored successfully.
[2025-11-30 23:32:58] [INFO ] TextServiceImpl - TextService initialized. Parser chain configured.
[2025-11-30 23:32:58] [INFO ] TextReaderImpl - File read successfully. Length: 715 chars
[2025-11-30 23:32:58] [INFO ] TextServiceImpl - File read successfully.
[2025-11-30 23:32:58] [INFO ] TextServiceImpl - Text parsed into composite structure.
[2025-11-30 23:34:02] [INFO ] TextServiceImpl - TextService initialized. Parser chain configured.
[2025-11-30 23:34:02] [INFO ] TextReaderImpl - File read successfully. Length: 715 chars
[2025-11-30 23:34:02] [INFO ] TextServiceImpl - File read successfully.
[2025-11-30 23:34:02] [INFO ] TextServiceImpl - Text parsed into composite structure.
[2025-11-30 23:34:02] [INFO ] TextServiceImpl - Text restored successfully.
[2025-11-30 23:34:02] [INFO ] TextServiceImpl - TextService initialized. Parser chain configured.
[2025-11-30 23:34:02] [INFO ] TextReaderImpl - File read successfully. Length: 715 chars
[2025-11-30 23:34:02] [INFO ] TextServiceImpl - File read successfully.
[2025-11-30 23:34:02] [INFO ] TextServiceImpl - Text parsed into composite structure.
[2025-11-30 23:35:33] [INFO ] TextServiceImpl - TextService initialized. Parser chain configured.
[2025-11-30 23:35:33] [INFO ] TextReaderImpl - File read successfully. Length: 715 chars
[2025-11-30 23:35:33] [INFO ] TextServiceImpl - File read successfully.
[2025-11-30 23:35:33] [INFO ] TextServiceImpl - Text parsed into composite structure.
[2025-11-30 23:35:33] [INFO ] TextServiceImpl - Text restored successfully.
[2025-11-30 23:35:33] [INFO ] TextServiceImpl - TextService initialized. Parser chain configured.
[2025-11-30 23:35:33] [INFO ] TextReaderImpl - File read successfully. Length: 715 chars
[2025-11-30 23:35:33] [INFO ] TextServiceImpl - File read successfully.
[2025-11-30 23:35:33] [INFO ] TextServiceImpl - Text parsed into composite structure.
[2025-11-30 23:37:19] [INFO ] TextServiceImpl - TextService initialized. Parser chain configured.
[2025-11-30 23:37:19] [INFO ] TextReaderImpl - File read successfully. Length: 715 chars
[2025-11-30 23:37:19] [INFO ] TextServiceImpl - File read successfully.
[2025-11-30 23:37:19] [INFO ] TextServiceImpl - Text parsed into composite structure.
[2025-11-30 23:37:19] [INFO ] TextServiceImpl - Text restored successfully.
[2025-11-30 23:37:19] [INFO ] TextServiceImpl - TextService initialized. Parser chain configured.
[2025-11-30 23:37:19] [INFO ] TextReaderImpl - File read successfully. Length: 715 chars
[2025-11-30 23:37:19] [INFO ] TextServiceImpl - File read successfully.
[2025-11-30 23:37:19] [INFO ] TextServiceImpl - Text parsed into composite structure.
[2025-11-30 23:39:31] [INFO ] TextServiceImpl - TextService initialized. Parser chain configured.
[2025-11-30 23:39:31] [INFO ] TextReaderImpl - File read successfully. Length: 715 chars
[2025-11-30 23:39:31] [INFO ] TextServiceImpl - File read successfully.
[2025-11-30 23:39:31] [INFO ] TextServiceImpl - Text parsed into composite structure.
[2025-11-30 23:39:31] [INFO ] TextServiceImpl - Text restored successfully.
[2025-11-30 23:39:31] [INFO ] TextServiceImpl - TextService initialized. Parser chain configured.
[2025-11-30 23:39:31] [INFO ] TextReaderImpl - File read successfully. Length: 715 chars
[2025-11-30 23:39:31] [INFO ] TextServiceImpl - File read successfully.
[2025-11-30 23:39:31] [INFO ] TextServiceImpl - Text parsed into composite structure.
[2025-11-30 23:40:29] [INFO ] TextServiceImpl - TextService initialized. Parser chain configured.
[2025-11-30 23:40:29] [INFO ] TextReaderImpl - File read successfully. Length: 715 chars
[2025-11-30 23:40:29] [INFO ] TextServiceImpl - File read successfully.
[2025-11-30 23:40:29] [INFO ] TextServiceImpl - Text parsed into composite structure.
[2025-11-30 23:40:29] [INFO ] TextServiceImpl - Text restored successfully.
[2025-11-30 23:40:29] [INFO ] TextServiceImpl - TextService initialized. Parser chain configured.
[2025-11-30 23:40:29] [INFO ] TextReaderImpl - File read successfully. Length: 715 chars
[2025-11-30 23:40:29] [INFO ] TextServiceImpl - File read successfully.
[2025-11-30 23:40:29] [INFO ] TextServiceImpl - Text parsed into composite structure.
[2025-11-30 23:42:23] [INFO ] TextServiceImpl - TextService initialized. Parser chain configured.
[2025-11-30 23:42:23] [INFO ] TextReaderImpl - File read successfully. Length: 715 chars
[2025-11-30 23:42:23] [INFO ] TextServiceImpl - File read successfully.
[2025-11-30 23:42:23] [INFO ] TextServiceImpl - Text parsed into composite structure.
[2025-11-30 23:42:23] [INFO ] TextServiceImpl - Text restored successfully.
[2025-11-30 23:42:23] [WARN ] TextServiceImpl - Cannot restore text: rootComposite is null.
[2025-11-30 23:42:23] [INFO ] TextServiceImpl - TextService initialized. Parser chain configured.
[2025-11-30 23:42:23] [INFO ] TextReaderImpl - File read successfully. Length: 715 chars
[2025-11-30 23:42:23] [INFO ] TextServiceImpl - File read successfully.
[2025-11-30 23:42:23] [INFO ] TextServiceImpl - Text parsed into composite structure.
[2025-11-30 23:46:22] [INFO ] TextServiceImpl - TextService initialized. Parser chain configured.
[2025-11-30 23:46:22] [INFO ] TextReaderImpl - File read successfully. Length: 715 chars
[2025-11-30 23:46:22] [INFO ] TextServiceImpl - File read successfully.
[2025-11-30 23:46:22] [INFO ] TextServiceImpl - Text parsed into composite structure.
